<?xml version="1.0" encoding="UTF-8"?>
<testng-results skipped="0" failed="0" ignored="0" total="1" passed="1">
  <reporter-output>
  </reporter-output>
  <suite name="Default suite" duration-ms="23020" started-at="2021-02-04T12:24:58 IST" finished-at="2021-02-04T12:25:21 IST">
    <groups>
    </groups>
    <test name="Default test" duration-ms="23020" started-at="2021-02-04T12:24:58 IST" finished-at="2021-02-04T12:25:21 IST">
      <class name="firstsel.firstselenium">
        <test-method status="PASS" signature="beforemethod()[pri:0, instance:firstsel.firstselenium@5d76b067]" name="beforemethod" is-config="true" duration-ms="22949" started-at="2021-02-04T12:24:58 IST" finished-at="2021-02-04T12:25:21 IST">
          <reporter-output>
          </reporter-output>
        </test-method> <!-- beforemethod -->
        <test-method status="PASS" signature="test()[pri:0, instance:firstsel.firstselenium@5d76b067]" name="test" duration-ms="15" started-at="2021-02-04T12:25:21 IST" finished-at="2021-02-04T12:25:21 IST">
          <reporter-output>
          </reporter-output>
        </test-method> <!-- test -->
      </class> <!-- firstsel.firstselenium -->
    </test> <!-- Default test -->
  </suite> <!-- Default suite -->
</testng-results>
